<?xml version="1.0" encoding="UTF-8"?>
<!-- Generated by org.testng.reporters.JUnitReportReporter -->
<testsuite hostname="DESKTOP-10E3PP0" failures="0" tests="1" name="EcommerceProject.tests.testCreateNewCustomerAcc" time="21.013" errors="0" timestamp="2024-01-25T03:55:53 EST" skipped="0">
  <testcase classname="EcommerceProject.tests.testCreateNewCustomerAcc" name="createAccWithAllFieldsCorrectlyTestCase04" time="21.013"/>
  <system-out/>
</testsuite> <!-- EcommerceProject.tests.testCreateNewCustomerAcc -->
