<?xml version="1.0" encoding="UTF-8"?>
<!-- Generated by org.testng.reporters.JUnitReportReporter -->
<testsuite hostname="DESKTOP-10E3PP0" failures="0" tests="4" name="EcommerceProject.tests.TestCreateNewCustomerAcc" time="38.350" errors="0" timestamp="2024-02-14T05:09:19 EST" skipped="0">
  <testcase classname="EcommerceProject.tests.TestCreateNewCustomerAcc" name="createAccWithMandatoryFieldsMissingTestCase01" time="8.002"/>
  <system-out/>
  <testcase classname="EcommerceProject.tests.TestCreateNewCustomerAcc" name="createAccWithAllFieldsCorrectlyTestCase04" time="11.973"/>
  <system-out/>
  <testcase classname="EcommerceProject.tests.TestCreateNewCustomerAcc" name="createAccWithAlreadyUsedEmailIdTestCase03" time="10.090"/>
  <system-out/>
  <testcase classname="EcommerceProject.tests.TestCreateNewCustomerAcc" name="createAccWithPasswordandConfirmPasswordMissmatchTestCase02" time="8.285"/>
  <system-out/>
</testsuite> <!-- EcommerceProject.tests.TestCreateNewCustomerAcc -->
