<?xml version="1.0" encoding="UTF-8"?>
<!-- Generated by org.testng.reporters.JUnitReportReporter -->
<testsuite hostname="DESKTOP-10E3PP0" failures="0" tests="4" name="EcommerceProject.tests.TestCreateNewCustomerAcc" time="55.760" errors="0" timestamp="2024-02-12T06:00:22 EST" skipped="0">
  <testcase classname="EcommerceProject.tests.TestCreateNewCustomerAcc" name="createAccWithPasswordandConfirmPasswordMissmatchTestCase02" time="14.582"/>
  <system-out/>
  <testcase classname="EcommerceProject.tests.TestCreateNewCustomerAcc" name="createAccWithAlreadyUsedEmailIdTestCase03" time="13.945"/>
  <system-out/>
  <testcase classname="EcommerceProject.tests.TestCreateNewCustomerAcc" name="createAccWithAllFieldsCorrectlyTestCase04" time="16.714"/>
  <system-out/>
  <testcase classname="EcommerceProject.tests.TestCreateNewCustomerAcc" name="createAccWithMandatoryFieldsMissingTestCase01" time="10.519"/>
  <system-out/>
</testsuite> <!-- EcommerceProject.tests.TestCreateNewCustomerAcc -->
